2021-08-12T19:42:37+00:00 CRITICAL Maximum execution time of 120 seconds exceeded en C:\xampp\htdocs\esmogo\wp-content\plugins\dokan-pro\modules\moip\includes\public\class-withdraw-methods.php en la línea 5

2021-08-12T19:42:37+00:00 CRITICAL Maximum execution time of 120 seconds exceeded en C:\xampp\htdocs\esmogo\wp-content\plugins\dokan-pro\modules\moip\includes\public\class-withdraw-methods.php en la línea 5

2021-08-12T19:43:34+00:00 CRITICAL Maximum execution time of 120 seconds exceeded en C:\xampp\htdocs\esmogo\wp-includes\wp-db.php en la línea 2056

2021-08-12T19:44:52+00:00 CRITICAL Maximum execution time of 120 seconds exceeded en C:\xampp\htdocs\esmogo\wp-content\plugins\dokan-pro\includes\Brands\Manager.php en la línea 95

2021-08-12T20:04:41+00:00 CRITICAL Maximum execution time of 120 seconds exceeded en C:\xampp\htdocs\esmogo\wp-content\plugins\dokan-pro\modules\stripe\includes\Gateways\RegisterGateways.php en la línea 5

2021-08-12T20:05:00+00:00 CRITICAL Maximum execution time of 120 seconds exceeded en C:\xampp\htdocs\esmogo\wp-content\plugins\dokan-pro\modules\stripe\includes\IntentController.php en la línea 13

2021-08-12T20:05:38+00:00 CRITICAL Maximum execution time of 120 seconds exceeded en C:\xampp\htdocs\esmogo\wp-content\plugins\woocommerce\packages\woocommerce-admin\src\CategoryLookup.php en la línea 8

2021-08-12T20:06:53+00:00 CRITICAL Maximum execution time of 120 seconds exceeded en C:\xampp\htdocs\esmogo\wp-content\plugins\woocommerce\packages\woocommerce-blocks\src\StoreApi\RoutesController.php en la línea 108

2021-08-12T20:07:02+00:00 CRITICAL Maximum execution time of 120 seconds exceeded en C:\xampp\htdocs\esmogo\wp-content\plugins\dokan-pro\modules\germanized\includes\Admin\Settings.php en la línea 6

2021-08-12T20:27:45+00:00 CRITICAL Maximum execution time of 120 seconds exceeded en C:\xampp\htdocs\esmogo\wp-content\plugins\woocommerce\src\Internal\ProductAttributesLookup\DataRegenerator.php en la línea 10

2021-08-12T20:29:36+00:00 CRITICAL Maximum execution time of 120 seconds exceeded en C:\xampp\htdocs\esmogo\wp-content\plugins\wp-super-cache\rest\class.wp-super-cache-rest-update-settings.php en la línea 3

2021-08-12T21:28:08+00:00 CRITICAL Maximum execution time of 120 seconds exceeded en C:\xampp\htdocs\esmogo\wp-content\plugins\elementor\includes\autoloader.php en la línea 293

2021-08-12T21:28:20+00:00 CRITICAL Maximum execution time of 120 seconds exceeded en C:\xampp\htdocs\esmogo\wp-content\plugins\elementor\includes\autoloader.php en la línea 293

2021-08-12T21:30:08+00:00 CRITICAL Maximum execution time of 120 seconds exceeded en C:\xampp\htdocs\esmogo\wp-content\plugins\woocommerce\includes\admin\marketplace-suggestions\class-wc-marketplace-suggestions.php en la línea 211

2021-08-12T21:30:20+00:00 CRITICAL Maximum execution time of 120 seconds exceeded en C:\xampp\htdocs\esmogo\wp-content\themes\top-store-pro\customizer\section\layout\footer\above-footer.php en la línea 7

2021-08-12T22:16:42+00:00 CRITICAL Maximum execution time of 120 seconds exceeded en C:\xampp\htdocs\esmogo\wp-content\plugins\woocustomizer\freemius\includes\supplements\fs-essential-functions-1.1.7.1.php en la línea 9

2021-08-12T23:55:42+00:00 CRITICAL Maximum execution time of 120 seconds exceeded en C:\xampp\htdocs\esmogo\wp-content\plugins\woocustomizer\includes\class-wcz.php en la línea 8

2021-08-12T23:55:56+00:00 CRITICAL Maximum execution time of 120 seconds exceeded en C:\xampp\htdocs\esmogo\wp-content\plugins\dokan-pro\modules\stripe\includes\Gateways\RegisterGateways.php en la línea 5

2021-08-12T23:56:21+00:00 CRITICAL Maximum execution time of 120 seconds exceeded en C:\xampp\htdocs\esmogo\wp-includes\l10n.php en la línea 741

2021-08-12T23:57:23+00:00 CRITICAL Maximum execution time of 120 seconds exceeded en C:\xampp\htdocs\esmogo\wp-content\plugins\elementor\includes\autoloader.php en la línea 293

2021-08-12T23:58:01+00:00 CRITICAL Maximum execution time of 120 seconds exceeded en C:\xampp\htdocs\esmogo\wp-content\plugins\elementor\includes\autoloader.php en la línea 293

2021-08-12T23:58:18+00:00 CRITICAL Maximum execution time of 120 seconds exceeded en C:\xampp\htdocs\esmogo\wp-content\plugins\woocommerce\includes\wc-template-functions.php en la línea 77

2021-08-12T23:58:50+00:00 CRITICAL Maximum execution time of 120 seconds exceeded en C:\xampp\htdocs\esmogo\wp-content\plugins\woocommerce\packages\woocommerce-admin\src\Features\Onboarding.php en la línea 1095

2021-08-12T23:59:20+00:00 CRITICAL Maximum execution time of 120 seconds exceeded en C:\xampp\htdocs\esmogo\wp-content\plugins\dokan-pro\modules\stripe\includes\Subscriptions\ProductSubscription.php en la línea 16

2021-08-12T23:59:50+00:00 CRITICAL Maximum execution time of 120 seconds exceeded en C:\xampp\htdocs\esmogo\wp-content\plugins\dokan-pro\modules\live-search\classes\class-dokan-live-search.php en la línea 4

